0 info it worked if it ends with ok
1 verbose cli [ '/Users/joachimvandenabeele/.nvm/versions/node/v6.4.0/bin/node',
1 verbose cli   '/Users/joachimvandenabeele/.nvm/versions/node/v6.4.0/bin/npm',
1 verbose cli   'run',
1 verbose cli   'build' ]
2 info using npm@3.10.3
3 info using node@v6.4.0
4 verbose run-script [ 'prebuild', 'build', 'postbuild' ]
5 info lifecycle @joachim/package1@0.0.0~prebuild: @joachim/package1@0.0.0
6 silly lifecycle @joachim/package1@0.0.0~prebuild: no script for prebuild, continuing
7 info lifecycle @joachim/package1@0.0.0~build: @joachim/package1@0.0.0
8 verbose lifecycle @joachim/package1@0.0.0~build: unsafe-perm in lifecycle true
9 verbose lifecycle @joachim/package1@0.0.0~build: PATH: /Users/joachimvandenabeele/.nvm/versions/node/v6.4.0/lib/node_modules/npm/bin/node-gyp-bin:/Users/joachimvandenabeele/Documents/Projects/webpack/packages/package1/node_modules/.bin:/Users/joachimvandenabeele/.nvm/versions/node/v6.4.0/bin:/Users/joachimvandenabeele/Documents/Projects/webpack/packages/package1/node_modules/.bin:/Users/joachimvandenabeele/Documents/Projects/webpack/packages/node_modules/.bin:/Users/joachimvandenabeele/Documents/Projects/webpack/node_modules/.bin:/Users/joachimvandenabeele/Documents/Projects/node_modules/.bin:/Users/joachimvandenabeele/Documents/node_modules/.bin:/Users/joachimvandenabeele/node_modules/.bin:/Users/node_modules/.bin:/node_modules/.bin:/Users/joachimvandenabeele/.nvm/versions/node/v6.4.0/bin:/Users/joachimvandenabeele/.nvm/versions/node/v6.4.0/lib/node_modules/npm/bin/node-gyp-bin:/Users/joachimvandenabeele/Documents/Projects/webpack/node_modules/.bin:/Users/joachimvandenabeele/.nvm/versions/node/v6.4.0/bin:/Users/joachimvandenabeele/.nvm/versions/node/v6.4.0/bin:/usr/local/bin:/usr/bin:/bin:/usr/sbin:/sbin:/opt/X11/bin:/usr/local/go/bin:/usr/local/bin/wkhtmltopdf
10 verbose lifecycle @joachim/package1@0.0.0~build: CWD: /Users/joachimvandenabeele/Documents/Projects/webpack/packages/package1
11 silly lifecycle @joachim/package1@0.0.0~build: Args: [ '-c',
11 silly lifecycle   'webpack -p --config webpack-config.js --display-error-details' ]
12 silly lifecycle @joachim/package1@0.0.0~build: Returned: code: 2  signal: null
13 info lifecycle @joachim/package1@0.0.0~build: Failed to exec build script
14 verbose stack Error: @joachim/package1@0.0.0 build: `webpack -p --config webpack-config.js --display-error-details`
14 verbose stack Exit status 2
14 verbose stack     at EventEmitter.<anonymous> (/Users/joachimvandenabeele/.nvm/versions/node/v6.4.0/lib/node_modules/npm/lib/utils/lifecycle.js:242:16)
14 verbose stack     at emitTwo (events.js:106:13)
14 verbose stack     at EventEmitter.emit (events.js:191:7)
14 verbose stack     at ChildProcess.<anonymous> (/Users/joachimvandenabeele/.nvm/versions/node/v6.4.0/lib/node_modules/npm/lib/utils/spawn.js:40:14)
14 verbose stack     at emitTwo (events.js:106:13)
14 verbose stack     at ChildProcess.emit (events.js:191:7)
14 verbose stack     at maybeClose (internal/child_process.js:852:16)
14 verbose stack     at Process.ChildProcess._handle.onexit (internal/child_process.js:215:5)
15 verbose pkgid @joachim/package1@0.0.0
16 verbose cwd /Users/joachimvandenabeele/Documents/Projects/webpack/packages/package1
17 error Darwin 16.6.0
18 error argv "/Users/joachimvandenabeele/.nvm/versions/node/v6.4.0/bin/node" "/Users/joachimvandenabeele/.nvm/versions/node/v6.4.0/bin/npm" "run" "build"
19 error node v6.4.0
20 error npm  v3.10.3
21 error code ELIFECYCLE
22 error @joachim/package1@0.0.0 build: `webpack -p --config webpack-config.js --display-error-details`
22 error Exit status 2
23 error Failed at the @joachim/package1@0.0.0 build script 'webpack -p --config webpack-config.js --display-error-details'.
23 error Make sure you have the latest version of node.js and npm installed.
23 error If you do, this is most likely a problem with the @joachim/package1 package,
23 error not with npm itself.
23 error Tell the author that this fails on your system:
23 error     webpack -p --config webpack-config.js --display-error-details
23 error You can get information on how to open an issue for this project with:
23 error     npm bugs @joachim/package1
23 error Or if that isn't available, you can get their info via:
23 error     npm owner ls @joachim/package1
23 error There is likely additional logging output above.
24 verbose exit [ 1, true ]
